<?xml version="1.0" encoding="UTF-8"?>
<!-- Generated by org.testng.reporters.JUnitReportReporter -->
<testsuite hostname="DESKTOP-P4HI28R" failures="0" tests="1" name="assertion.hardAssert" time="6.788" errors="0" timestamp="2024-02-01T10:24:15 IST" skipped="0">
  <testcase classname="assertion.hardAssert" name="dws" time="6.788"/>
</testsuite> <!-- assertion.hardAssert -->
