<?xml version="1.0" encoding="UTF-8"?>
<!-- Generated by org.testng.reporters.JUnitReportReporter -->
<testsuite hostname="DESKTOP-P4HI28R" failures="0" tests="1" name="testNgBE1.Asian" time="7.440" errors="0" timestamp="2024-01-26T11:14:48 IST" skipped="0">
  <testcase classname="testNgBE1.Asian" name="asian" time="7.440"/>
</testsuite> <!-- testNgBE1.Asian -->
