<?xml version="1.0" encoding="UTF-8"?>
<!-- Generated by org.testng.reporters.JUnitReportReporter -->
<testsuite hostname="DESKTOP-P4HI28R" failures="0" tests="1" name="basic.Demo" time="0.012" errors="0" timestamp="2024-01-25T20:47:56 IST" skipped="0">
  <testcase classname="basic.Demo" name="run" time="0.012"/>
</testsuite> <!-- basic.Demo -->
