<?xml version="1.0" encoding="UTF-8"?>
<!-- Generated by org.testng.reporters.JUnitReportReporter -->
<testsuite hostname="DESKTOP-P4HI28R" failures="0" tests="1" name="testNg1.Bmw" time="9.919" errors="0" timestamp="2024-01-26T11:31:59 IST" skipped="0">
  <testcase classname="testNg1.Bmw" name="bmw" time="9.919"/>
</testsuite> <!-- testNg1.Bmw -->
