<?xml version="1.0" encoding="UTF-8"?>
<!-- Generated by org.testng.reporters.JUnitReportReporter -->
<testsuite hostname="DESKTOP-P4HI28R" failures="0" tests="1" name="testNg1.Honda" time="8.840" errors="0" timestamp="2024-01-26T11:35:21 IST" skipped="0">
  <testcase classname="testNg1.Honda" name="honda" time="8.840"/>
</testsuite> <!-- testNg1.Honda -->
