<?xml version="1.0" encoding="UTF-8"?>
<!-- Generated by org.testng.reporters.JUnitReportReporter -->
<testsuite hostname="DESKTOP-P4HI28R" failures="0" tests="4" name="testng.DepondsOnMethods" time="46.321" errors="0" timestamp="2024-01-26T19:30:18 IST" skipped="0">
  <testcase classname="testng.DepondsOnMethods" name="dws" time="10.035"/>
  <testcase classname="testng.DepondsOnMethods" name="royalEnfield" time="7.694"/>
  <testcase classname="testng.DepondsOnMethods" name="redbus" time="8.738"/>
  <testcase classname="testng.DepondsOnMethods" name="agoda" time="19.854"/>
</testsuite> <!-- testng.DepondsOnMethods -->
