<?xml version="1.0" encoding="UTF-8"?>
<!-- Generated by org.testng.reporters.JUnitReportReporter -->
<testsuite hostname="DESKTOP-P4HI28R" failures="0" tests="1" name="testNg1.Jawamotor" time="7.185" errors="0" timestamp="2024-01-26T11:35:21 IST" skipped="0">
  <testcase classname="testNg1.Jawamotor" name="jawamotor" time="7.185"/>
</testsuite> <!-- testNg1.Jawamotor -->
