<?xml version="1.0" encoding="UTF-8"?>
<!-- Generated by org.testng.reporters.JUnitReportReporter -->
<testsuite hostname="DESKTOP-P4HI28R" failures="0" tests="1" name="testNg1.Ktm" time="7.504" errors="0" timestamp="2024-01-26T11:31:59 IST" skipped="0">
  <testcase classname="testNg1.Ktm" name="ktm" time="7.504"/>
</testsuite> <!-- testNg1.Ktm -->
