<?xml version="1.0" encoding="UTF-8"?>
<!-- Generated by org.testng.reporters.JUnitReportReporter -->
<testsuite hostname="DESKTOP-P4HI28R" failures="0" tests="3" name="testng.ChronologicalOrder" time="0.010" errors="0" timestamp="2024-01-26T08:24:52 IST" skipped="0">
  <testcase classname="testng.ChronologicalOrder" name="test123" time="0.001"/>
  <testcase classname="testng.ChronologicalOrder" name="test" time="0.007"/>
  <testcase classname="testng.ChronologicalOrder" name="test345" time="0.002"/>
</testsuite> <!-- testng.ChronologicalOrder -->
