<?xml version="1.0" encoding="UTF-8"?>
<!-- Generated by org.testng.reporters.JUnitReportReporter -->
<testsuite hostname="DESKTOP-P4HI28R" failures="0" tests="3" name="testng.Dws" time="0.018" errors="0" timestamp="2024-01-26T06:35:36 IST" skipped="0">
  <testcase classname="testng.Dws" name="dws" time="0.002">
    <system-out>
      <![CDATA[dws]]>
    </system-out>
  </testcase> <!-- dws -->
  <testcase classname="testng.Dws" name="test" time="0.001"/>
  <testcase classname="testng.Dws" name="cat" time="0.015"/>
  <system-out>
    <![CDATA[dws]]>
  </system-out>
</testsuite> <!-- testng.Dws -->
