<?xml version="1.0" encoding="UTF-8"?>
<!-- Generated by org.testng.reporters.JUnitReportReporter -->
<testsuite hostname="DESKTOP-P4HI28R" failures="0" tests="1" name="testng.AddToCartChronologicalOrder" time="2.570" errors="0" timestamp="2024-01-26T08:47:56 IST" skipped="0">
  <testcase classname="testng.AddToCartChronologicalOrder" name="addToCart" time="2.570"/>
</testsuite> <!-- testng.AddToCartChronologicalOrder -->
