<?xml version="1.0" encoding="UTF-8"?>
<!-- Generated by org.testng.reporters.JUnitReportReporter -->
<testsuite hostname="DESKTOP-P4HI28R" failures="0" tests="1" name="testng.SunnyNumber" time="0.020" errors="0" timestamp="2024-01-31T18:59:48 IST" skipped="0">
  <testcase classname="testng.SunnyNumber" name="sunny" time="0.020"/>
</testsuite> <!-- testng.SunnyNumber -->
