<?xml version="1.0" encoding="UTF-8"?>
<!-- Generated by org.testng.reporters.JUnitReportReporter -->
<testsuite hostname="DESKTOP-P4HI28R" failures="0" tests="1" name="parametarization.DifferentBrowsers" time="2.445" errors="0" timestamp="2024-01-31T11:42:14 IST" skipped="0">
  <testcase classname="parametarization.DifferentBrowsers" name="browsers" time="2.445">
    <system-out>
      <![CDATA[ChromeDriver]]>
    </system-out>
  </testcase> <!-- browsers -->
  <system-out>
    <![CDATA[ChromeDriver]]>
  </system-out>
</testsuite> <!-- parametarization.DifferentBrowsers -->
