<?xml version="1.0" encoding="UTF-8"?>
<!-- Generated by org.testng.reporters.JUnitReportReporter -->
<testsuite hostname="DESKTOP-P4HI28R" failures="0" tests="2" name="parametarization.UrlParametarization" time="11.160" errors="0" timestamp="2024-01-31T10:46:02 IST" skipped="0">
  <testcase classname="parametarization.UrlParametarization" name="dws1" time="4.866"/>
  <testcase classname="parametarization.UrlParametarization" name="dws" time="6.294"/>
</testsuite> <!-- parametarization.UrlParametarization -->
