<?xml version="1.0" encoding="UTF-8"?>
<!-- Generated by org.testng.reporters.JUnitReportReporter -->
<testsuite hostname="DESKTOP-P4HI28R" failures="0" tests="1" name="pom.ExecuteRegisterPage" time="9.710" errors="0" timestamp="2024-02-02T10:48:21 IST" skipped="0">
  <testcase classname="pom.ExecuteRegisterPage" name="recever" time="9.710"/>
</testsuite> <!-- pom.ExecuteRegisterPage -->
