<?xml version="1.0" encoding="UTF-8"?>
<!-- Generated by org.testng.reporters.JUnitReportReporter -->
<testsuite hostname="DESKTOP-P4HI28R" failures="0" tests="1" name="testNg1.RoyalEnfield" time="3.400" errors="0" timestamp="2024-01-26T11:35:21 IST" skipped="0">
  <testcase classname="testNg1.RoyalEnfield" name="royalEnfield" time="3.400"/>
</testsuite> <!-- testNg1.RoyalEnfield -->
