<?xml version="1.0" encoding="UTF-8"?>
<!-- Generated by org.testng.reporters.JUnitReportReporter -->
<testsuite hostname="DESKTOP-P4HI28R" failures="0" tests="1" name="pom.ExecuteDwsHomePage" time="26.880" errors="0" timestamp="2024-02-01T11:24:33 IST" skipped="0">
  <testcase classname="pom.ExecuteDwsHomePage" name="receiver" time="26.880"/>
</testsuite> <!-- pom.ExecuteDwsHomePage -->
