<?xml version="1.0" encoding="UTF-8"?>
<!-- Generated by org.testng.reporters.JUnitReportReporter -->
<testsuite hostname="DESKTOP-P4HI28R" failures="0" tests="5" name="testng.Priyority" time="72.897" errors="0" timestamp="2024-02-04T19:45:18 IST" skipped="0">
  <testcase classname="testng.Priyority" name="dws" time="30.327"/>
  <testcase classname="testng.Priyority" name="royalEnfield" time="14.110"/>
  <testcase classname="testng.Priyority" name="royalEnfield" time="13.264"/>
  <testcase classname="testng.Priyority" name="redbus" time="9.082"/>
  <testcase classname="testng.Priyority" name="agoda" time="6.114"/>
</testsuite> <!-- testng.Priyority -->
