<?xml version="1.0" encoding="UTF-8"?>
<!-- Generated by org.testng.reporters.JUnitReportReporter -->
<testsuite hostname="DESKTOP-P4HI28R" failures="0" tests="2" name="testng.Demo" time="0.012" errors="0" timestamp="2024-01-26T06:29:14 IST" skipped="0">
  <testcase classname="testng.Demo" name="run" time="0.011"/>
  <testcase classname="testng.Demo" name="walk" time="0.001"/>
</testsuite> <!-- testng.Demo -->
